<?xml version="1.0" encoding="UTF-8"?>
<!-- Generated by org.testng.reporters.JUnitXMLReporter -->
<testsuite hostname="DESKTOP-M53559M" ignored="0" name="Web Tests" tests="7" failures="1" timestamp="16 Nov 2020 19:31:14 GMT" time="46.807" errors="0">
  <testcase name="test01_register" time="5.465" classname="SanityTests.nopCommerceWeb"/>
  <testcase name="test02_addToCart" time="9.188" classname="SanityTests.nopCommerceWeb"/>
  <testcase name="test03_RemoveFromCart" time="9.344" classname="SanityTests.nopCommerceWeb"/>
  <testcase name="test04_sortBy" time="3.528" classname="SanityTests.nopCommerceWeb"/>
  <testcase name="test05_emptySearchPopup" time="0.402" classname="SanityTests.nopCommerceWeb"/>
  <testcase name="test06_verifyLogo" time="0.793" classname="SanityTests.nopCommerceWeb">
    <failure type="java.lang.AssertionError" message="Images are not same expected [false] but found [true]">
      <![CDATA[java.lang.AssertionError: Images are not same expected [false] but found [true]
at Extensions.verifications.visualElement(verifications.java:53)
at SanityTests.nopCommerceWeb.test06_verifyLogo(nopCommerceWeb.java:79)
... Removed 32 stack frames]]>
    </failure>
  </testcase> <!-- test06_verifyLogo -->
  <testcase name="test07_verifyYaxis" time="0.493" classname="SanityTests.nopCommerceWeb"/>
</testsuite> <!-- Web Tests -->
