<?xml version="1.0" encoding="UTF-8"?>
<!-- Generated by org.testng.reporters.JUnitReportReporter -->
<testsuite skipped="0" hostname="DESKTOP-M53559M" name="SanityTests.nopCommerceWeb" tests="7" failures="1" timestamp="16 Nov 2020 19:31:14 GMT" time="34.584" errors="0">
  <testcase name="test01_register" time="6.884" classname="SanityTests.nopCommerceWeb"/>
  <testcase name="test05_emptySearchPopup" time="0.899" classname="SanityTests.nopCommerceWeb"/>
  <testcase name="test07_verifyYaxis" time="1.033" classname="SanityTests.nopCommerceWeb"/>
  <testcase name="test04_sortBy" time="4.084" classname="SanityTests.nopCommerceWeb"/>
  <testcase name="test06_verifyLogo" time="2.128" classname="SanityTests.nopCommerceWeb">
    <failure type="java.lang.AssertionError" message="Images are not same expected [false] but found [true]">
      <![CDATA[java.lang.AssertionError: Images are not same expected [false] but found [true]
at org.testng.Assert.fail(Assert.java:96)
at org.testng.Assert.failNotEquals(Assert.java:776)
at org.testng.Assert.assertFalse(Assert.java:65)
at Extensions.verifications.visualElement(verifications.java:53)
at SanityTests.nopCommerceWeb.test06_verifyLogo(nopCommerceWeb.java:79)
at sun.reflect.NativeMethodAccessorImpl.invoke0(Native Method)
at sun.reflect.NativeMethodAccessorImpl.invoke(NativeMethodAccessorImpl.java:62)
at sun.reflect.DelegatingMethodAccessorImpl.invoke(DelegatingMethodAccessorImpl.java:43)
at java.lang.reflect.Method.invoke(Method.java:498)
at org.testng.internal.MethodInvocationHelper.invokeMethod(MethodInvocationHelper.java:124)
at org.testng.internal.Invoker.invokeMethod(Invoker.java:583)
at org.testng.internal.Invoker.invokeTestMethod(Invoker.java:719)
at org.testng.internal.Invoker.invokeTestMethods(Invoker.java:989)
at org.testng.internal.TestMethodWorker.invokeTestMethods(TestMethodWorker.java:125)
at org.testng.internal.TestMethodWorker.run(TestMethodWorker.java:109)
at org.testng.TestRunner.privateRun(TestRunner.java:648)
at org.testng.TestRunner.run(TestRunner.java:505)
at org.testng.SuiteRunner.runTest(SuiteRunner.java:455)
at org.testng.SuiteRunner.runSequentially(SuiteRunner.java:450)
at org.testng.SuiteRunner.privateRun(SuiteRunner.java:415)
at org.testng.SuiteRunner.run(SuiteRunner.java:364)
at org.testng.SuiteRunnerWorker.runSuite(SuiteRunnerWorker.java:52)
at org.testng.SuiteRunnerWorker.run(SuiteRunnerWorker.java:84)
at org.testng.TestNG.runSuitesSequentially(TestNG.java:1208)
at org.testng.TestNG.runSuitesLocally(TestNG.java:1137)
at org.testng.TestNG.runSuites(TestNG.java:1049)
at org.testng.TestNG.run(TestNG.java:1017)
at org.apache.maven.surefire.testng.TestNGExecutor.run(TestNGExecutor.java:283)
at org.apache.maven.surefire.testng.TestNGXmlTestSuite.execute(TestNGXmlTestSuite.java:75)
at org.apache.maven.surefire.testng.TestNGProvider.invoke(TestNGProvider.java:120)
at org.apache.maven.surefire.booter.ForkedBooter.invokeProviderInSameClassLoader(ForkedBooter.java:384)
at org.apache.maven.surefire.booter.ForkedBooter.runSuitesInProcess(ForkedBooter.java:345)
at org.apache.maven.surefire.booter.ForkedBooter.execute(ForkedBooter.java:126)
at org.apache.maven.surefire.booter.ForkedBooter.main(ForkedBooter.java:418)
]]>
    </failure>
  </testcase> <!-- test06_verifyLogo -->
  <testcase name="test02_addToCart" time="9.697" classname="SanityTests.nopCommerceWeb"/>
  <testcase name="test03_RemoveFromCart" time="9.859" classname="SanityTests.nopCommerceWeb"/>
</testsuite> <!-- SanityTests.nopCommerceWeb -->
